<?xml version="1.0" encoding="UTF-8"?>
<testng-results ignored="0" total="1" passed="1" failed="0" skipped="0">
  <reporter-output>
  </reporter-output>
  <suite started-at="2023-07-05T12:48:18 IST" name="Default suite" finished-at="2023-07-05T12:48:19 IST" duration-ms="202">
    <groups>
    </groups>
    <test started-at="2023-07-05T12:48:18 IST" name="Default test" finished-at="2023-07-05T12:48:19 IST" duration-ms="202">
      <class name="SerializationDeserialization.DeserialiseStudent">
        <test-method signature="deserializestud()[pri:0, instance:SerializationDeserialization.DeserialiseStudent@581ac8a8]" started-at="2023-07-05T12:48:18 IST" name="deserializestud" finished-at="2023-07-05T12:48:19 IST" duration-ms="176" status="PASS">
          <reporter-output>
          </reporter-output>
        </test-method> <!-- deserializestud -->
      </class> <!-- SerializationDeserialization.DeserialiseStudent -->
    </test> <!-- Default test -->
  </suite> <!-- Default suite -->
</testng-results>
